info it worked if it ends with ok
verbose cli [ 'node', '/usr/bin/npm', 'install', 'readline' ]
info using npm@1.0.105
info using node@v0.6.7
verbose config file /home/cobells/.npmrc
verbose config file /usr/local/etc/npmrc
verbose config file /usr/lib/nodejs/npm/npmrc
silly testEngine { name: 'coffee-shell',
silly testEngine   description: 'CoffeeScript Shell',
silly testEngine   preferGlobal: 'true',
silly testEngine   keywords: [ 'coffeescript', 'shell' ],
silly testEngine   author: { name: 'Mark Dube' },
silly testEngine   version: '0.4.0',
silly testEngine   license: 'MIT',
silly testEngine   engines: { node: '0.6.x' },
silly testEngine   main: './coffee-shell',
silly testEngine   bin: { 'coffee-shell': './bin/coffee-shell' },
silly testEngine   homepage: 'http://coffeescript.org',
silly testEngine   repository: { type: 'git', url: 'http://git@tnrepo.tmbl.us:coffeeshell' },
silly testEngine   dependencies: { 'coffee-script': '>=1.2.0', colors: '*' },
silly testEngine   devDependencies: {},
silly testEngine   _npmUser: { name: 'cobells', email: 'cobells@tumbledesign.com' },
silly testEngine   _id: 'coffee-shell@0.4.0',
silly testEngine   _engineSupported: true,
silly testEngine   _npmVersion: '1.0.105',
silly testEngine   _nodeVersion: 'v0.6.7',
silly testEngine   _defaultsLoaded: true }
verbose caching /media/Hoard/Work/node/coffeeshell/package.json
verbose loadDefaults coffee-shell@0.4.0
silly testEngine { name: 'colors',
silly testEngine   description: 'get colors in your node.js console like what',
silly testEngine   version: '0.6.0-1',
silly testEngine   author: { name: 'Marak Squires' },
silly testEngine   repository: { type: 'git', url: 'git://github.com/Marak/colors.js.git' },
silly testEngine   engines: { node: '>=0.1.90' },
silly testEngine   main: 'colors',
silly testEngine   _npmUser: { name: 'cobells', email: 'cobells@tumbledesign.com' },
silly testEngine   _id: 'colors@0.6.0-1',
silly testEngine   dependencies: {},
silly testEngine   devDependencies: {},
silly testEngine   _engineSupported: true,
silly testEngine   _npmVersion: '1.0.105',
silly testEngine   _nodeVersion: 'v0.6.7',
silly testEngine   _defaultsLoaded: true }
verbose caching /media/Hoard/Work/node/coffeeshell/node_modules/colors/package.json
verbose loadDefaults colors@0.6.0-1
silly testEngine { name: 'commander',
silly testEngine   version: '0.5.2',
silly testEngine   description: 'the complete solution for node.js command-line programs',
silly testEngine   keywords: [ 'command', 'option', 'parser', 'prompt', 'stdin' ],
silly testEngine   author: { name: 'TJ Holowaychuk', email: 'tj@vision-media.ca' },
silly testEngine   repository: 
silly testEngine    { type: 'git',
silly testEngine      url: 'git://github.com/visionmedia/commander.js.git' },
silly testEngine   dependencies: {},
silly testEngine   devDependencies: { should: '>= 0.0.1' },
silly testEngine   scripts: { test: 'make test' },
silly testEngine   main: 'index',
silly testEngine   engines: { node: '>= 0.4.x < 0.8.0' },
silly testEngine   _npmUser: { name: 'cobells', email: 'cobells@tumbledesign.com' },
silly testEngine   _id: 'commander@0.5.2',
silly testEngine   _engineSupported: true,
silly testEngine   _npmVersion: '1.0.105',
silly testEngine   _nodeVersion: 'v0.6.7',
silly testEngine   _defaultsLoaded: true }
verbose caching /media/Hoard/Work/node/coffeeshell/node_modules/commander/package.json
verbose loadDefaults commander@0.5.2
silly testEngine { author: 
silly testEngine    { name: 'Zach Carter',
silly testEngine      email: 'zach@carter.name',
silly testEngine      url: 'http://zaa.ch' },
silly testEngine   name: 'jison',
silly testEngine   description: 'A parser generator with Bison\'s API',
silly testEngine   version: '0.2.14',
silly testEngine   keywords: 
silly testEngine    [ 'jison',
silly testEngine      'bison',
silly testEngine      'yacc',
silly testEngine      'parser',
silly testEngine      'generator',
silly testEngine      'lexer',
silly testEngine      'flex',
silly testEngine      'tokenizer',
silly testEngine      'compiler' ],
silly testEngine   preferGlobal: true,
silly testEngine   repository: { type: 'git', url: 'git://github.com/zaach/jison.git' },
silly testEngine   bugs: 
silly testEngine    { email: 'jison@librelist.com',
silly testEngine      url: 'http://github.com/zaach/jison/issues' },
silly testEngine   main: 'lib/jison',
silly testEngine   bin: 
silly testEngine    { jison: 'lib/jison/cli-wrapper.js',
silly testEngine      jison2json: 'lib/jison/jison2json.js',
silly testEngine      json2jison: 'lib/jison/json2jison.js' },
silly testEngine   engines: { node: '>=0.4' },
silly testEngine   dependencies: { JSONSelect: '*', reflect: '*', nomnom: '0.4.3' },
silly testEngine   devDependencies: { test: '*', jison: '*', 'uglify-js': '*' },
silly testEngine   scripts: { test: 'node tests/all-tests.js' },
silly testEngine   directories: { lib: 'lib', bin: './bin' },
silly testEngine   homepage: 'http://jison.org',
silly testEngine   _npmUser: { name: 'cobells', email: 'cobells@tumbledesign.com' },
silly testEngine   _id: 'jison@0.2.14',
silly testEngine   _engineSupported: true,
silly testEngine   _npmVersion: '1.0.105',
silly testEngine   _nodeVersion: 'v0.6.7',
silly testEngine   _defaultsLoaded: true }
verbose caching /media/Hoard/Work/node/coffeeshell/node_modules/jison/package.json
verbose loadDefaults jison@0.2.14
silly testEngine { name: 'coffee-script',
silly testEngine   description: 'Unfancy JavaScript',
silly testEngine   keywords: [ 'javascript', 'language', 'coffeescript', 'compiler' ],
silly testEngine   author: { name: 'Jeremy Ashkenas' },
silly testEngine   version: '1.2.0',
silly testEngine   licenses: 
silly testEngine    [ { type: 'MIT',
silly testEngine        url: 'http://github.com/jashkenas/coffee-script/raw/master/LICENSE' } ],
silly testEngine   engines: { node: '>=0.4.0' },
silly testEngine   directories: { lib: './lib/coffee-script' },
silly testEngine   main: './lib/coffee-script/coffee-script',
silly testEngine   bin: { coffee: './bin/coffee', cake: './bin/cake' },
silly testEngine   homepage: 'http://coffeescript.org',
silly testEngine   repository: 
silly testEngine    { type: 'git',
silly testEngine      url: 'git://github.com/jashkenas/coffee-script.git' },
silly testEngine   devDependencies: { 'uglify-js': '>=1.0.0', jison: '>=0.2.0' },
silly testEngine   _npmUser: { name: 'cobells', email: 'cobells@tumbledesign.com' },
silly testEngine   _id: 'coffee-script@1.2.0',
silly testEngine   dependencies: {},
silly testEngine   _engineSupported: true,
silly testEngine   _npmVersion: '1.0.105',
silly testEngine   _nodeVersion: 'v0.6.7',
silly testEngine   _defaultsLoaded: true }
verbose caching /media/Hoard/Work/node/coffeeshell/node_modules/coffee-script/package.json
verbose loadDefaults coffee-script@1.2.0
verbose from cache /media/Hoard/Work/node/coffeeshell/package.json
verbose into /media/Hoard/Work/node/coffeeshell [ 'readline' ]
verbose cache add readline
verbose cache add [ 'readline', null ]
silly cache add: name, spec, args [ undefined, 'readline', [ 'readline', null ] ]
verbose parsed url { pathname: 'readline', path: 'readline', href: 'readline' }
info addNamed [ 'readline', '' ]
verbose addNamed [ null, '' ]
verbose GET readline
verbose raw, before any munging readline
verbose url resolving [ 'http://registry.tumble.iriscouch.com/', './readline' ]
verbose url resolved http://registry.tumble.iriscouch.com/readline
silly get cb [ 404,
silly get cb   { server: 'CouchDB/1.1.1 (Erlang OTP/R14B04)',
silly get cb     date: 'Wed, 18 Jan 2012 18:25:00 GMT',
silly get cb     'content-type': 'application/json',
silly get cb     'content-length': '52',
silly get cb     'cache-control': 'must-revalidate' } ]
ERR! 404 'readline' is not in the npm registry.
ERR! 404 You could maybe bug the author to publish it
ERR! 404 Note that you can also install from a tarball or folder.
ERR! 
ERR! System Linux 3.0.0-15-generic
ERR! command "node" "/usr/bin/npm" "install" "readline"
ERR! cwd /media/Hoard/Work/node/coffeeshell
ERR! node -v v0.6.7
ERR! npm -v 1.0.105
ERR! code E404
verbose exit [ 1, true ]
